<?xml version="1.0" encoding="utf-8"?><testsuites name="pytest tests"><testsuite name="pytest" errors="0" failures="0" skipped="0" tests="10" time="7.758" timestamp="2026-02-19T04:03:16.802266+00:00" hostname="agent-env-1e76d097-d242-4c0e-9dba-bba69ace0029"><testcase classname="backend.tests.test_subscriptions_ota.TestAuth" name="test_login_success" time="0.616" /><testcase classname="backend.tests.test_subscriptions_ota.TestSubscriptionPlans" name="test_get_subscription_plans" time="0.725" /><testcase classname="backend.tests.test_subscriptions_ota.TestSubscriptions" name="test_get_subscriptions" time="0.719" /><testcase classname="backend.tests.test_subscriptions_ota.TestSubscriptions" name="test_create_subscription" time="0.985" /><testcase classname="backend.tests.test_subscriptions_ota.TestSubscriptions" name="test_update_subscription_status_pause" time="0.919" /><testcase classname="backend.tests.test_subscriptions_ota.TestSubscriptions" name="test_update_subscription_status_cancel" time="1.009" /><testcase classname="backend.tests.test_subscriptions_ota.TestOTAIntegration" name="test_get_ota_channels" time="0.756" /><testcase classname="backend.tests.test_subscriptions_ota.TestOTAIntegration" name="test_get_ota_stats" time="0.277" /><testcase classname="backend.tests.test_subscriptions_ota.TestOTAIntegration" name="test_sync_ota_channel" time="0.796" /><testcase classname="backend.tests.test_subscriptions_ota.TestPublicReservationEmail" name="test_public_reservation_sends_email" time="0.874" /></testsuite></testsuites>