<?xml version="1.0" encoding="utf-8"?><testsuites name="pytest tests"><testsuite name="pytest" errors="0" failures="1" skipped="0" tests="17" time="6.309" timestamp="2026-02-21T23:25:04.259431+00:00" hostname="agent-env-26a903cf-184d-4407-a48a-cd2285e9f893"><testcase classname="backend.tests.test_staff_mobile_endpoints.TestAuthEndpoints" name="test_login_success" time="0.755" /><testcase classname="backend.tests.test_staff_mobile_endpoints.TestAuthEndpoints" name="test_login_invalid_credentials" time="0.149" /><testcase classname="backend.tests.test_staff_mobile_endpoints.TestAuthEndpoints" name="test_login_empty_credentials" time="0.071" /><testcase classname="backend.tests.test_staff_mobile_endpoints.TestCheckInOutEndpoints" name="test_get_today_checkins" time="0.162" /><testcase classname="backend.tests.test_staff_mobile_endpoints.TestCheckInOutEndpoints" name="test_get_today_checkouts" time="0.122" /><testcase classname="backend.tests.test_staff_mobile_endpoints.TestCheckInOutEndpoints" name="test_checkins_invalid_hotel_id" time="0.138" /><testcase classname="backend.tests.test_staff_mobile_endpoints.TestRoomsEndpoints" name="test_get_hotel_rooms" time="0.649" /><testcase classname="backend.tests.test_staff_mobile_endpoints.TestRoomsEndpoints" name="test_update_room_status_valid" time="0.863" /><testcase classname="backend.tests.test_staff_mobile_endpoints.TestRoomsEndpoints" name="test_update_room_status_invalid" time="0.621" /><testcase classname="backend.tests.test_staff_mobile_endpoints.TestRoomsEndpoints" name="test_rooms_invalid_hotel_id" time="0.138" /><testcase classname="backend.tests.test_staff_mobile_endpoints.TestHousekeepingEndpoints" name="test_get_housekeeping_tasks" time="0.143" /><testcase classname="backend.tests.test_staff_mobile_endpoints.TestHousekeepingEndpoints" name="test_get_housekeeping_tasks_with_status_filter" time="0.123" /><testcase classname="backend.tests.test_staff_mobile_endpoints.TestHousekeepingEndpoints" name="test_update_housekeeping_task" time="0.276"><failure message="AssertionError: Unexpected status: 520&#10;assert 520 in [200, 404, 500]&#10; +  where 520 = &lt;Response [520]&gt;.status_code">backend/tests/test_staff_mobile_endpoints.py:275: in test_update_housekeeping_task
    assert update_response.status_code in [200, 404, 500], f"Unexpected status: {update_response.status_code}"
E   AssertionError: Unexpected status: 520
E   assert 520 in [200, 404, 500]
E    +  where 520 = &lt;Response [520]&gt;.status_code</failure></testcase><testcase classname="backend.tests.test_staff_mobile_endpoints.TestGuestRequestsEndpoints" name="test_get_guest_requests" time="0.124" /><testcase classname="backend.tests.test_staff_mobile_endpoints.TestGuestRequestsEndpoints" name="test_get_guest_requests_with_status_filter" time="0.121" /><testcase classname="backend.tests.test_staff_mobile_endpoints.TestGuestRequestsEndpoints" name="test_update_guest_request" time="0.254" /><testcase classname="backend.tests.test_staff_mobile_endpoints.TestStaffAppIntegration" name="test_staff_app_flow" time="1.500" /></testsuite></testsuites>