<?xml version="1.0" encoding="utf-8"?><testsuites name="pytest tests"><testsuite name="pytest" errors="0" failures="3" skipped="0" tests="10" time="6.621" timestamp="2026-02-19T04:02:23.824471+00:00" hostname="agent-env-1e76d097-d242-4c0e-9dba-bba69ace0029"><testcase classname="backend.tests.test_subscriptions_ota.TestAuth" name="test_login_success" time="0.743" /><testcase classname="backend.tests.test_subscriptions_ota.TestSubscriptionPlans" name="test_get_subscription_plans" time="0.690" /><testcase classname="backend.tests.test_subscriptions_ota.TestSubscriptions" name="test_get_subscriptions" time="0.731" /><testcase classname="backend.tests.test_subscriptions_ota.TestSubscriptions" name="test_create_subscription" time="0.591"><failure message="KeyError: 'plan_id'">backend/tests/test_subscriptions_ota.py:123: in test_create_subscription
    assert subscription["plan_id"] == plan_id
           ^^^^^^^^^^^^^^^^^^^^^^^
E   KeyError: 'plan_id'</failure></testcase><testcase classname="backend.tests.test_subscriptions_ota.TestSubscriptions" name="test_update_subscription_status_pause" time="0.685"><failure message="KeyError: 'status'">backend/tests/test_subscriptions_ota.py:149: in test_update_subscription_status_pause
    assert updated["status"] == "paused"
           ^^^^^^^^^^^^^^^^^
E   KeyError: 'status'</failure></testcase><testcase classname="backend.tests.test_subscriptions_ota.TestSubscriptions" name="test_update_subscription_status_cancel" time="0.653"><failure message="KeyError: 'status'">backend/tests/test_subscriptions_ota.py:171: in test_update_subscription_status_cancel
    assert updated["status"] == "cancelled"
           ^^^^^^^^^^^^^^^^^
E   KeyError: 'status'</failure></testcase><testcase classname="backend.tests.test_subscriptions_ota.TestOTAIntegration" name="test_get_ota_channels" time="0.695" /><testcase classname="backend.tests.test_subscriptions_ota.TestOTAIntegration" name="test_get_ota_stats" time="0.270" /><testcase classname="backend.tests.test_subscriptions_ota.TestOTAIntegration" name="test_sync_ota_channel" time="0.700" /><testcase classname="backend.tests.test_subscriptions_ota.TestPublicReservationEmail" name="test_public_reservation_sends_email" time="0.763" /></testsuite></testsuites>