<?xml version="1.0" encoding="utf-8"?><testsuites name="pytest tests"><testsuite name="pytest" errors="0" failures="0" skipped="0" tests="13" time="6.157" timestamp="2026-02-19T03:44:39.136697+00:00" hostname="agent-env-1e76d097-d242-4c0e-9dba-bba69ace0029"><testcase classname="backend.tests.test_hestia_modules.TestAuthentication" name="test_login_success" time="0.530" /><testcase classname="backend.tests.test_hestia_modules.TestHRManagement" name="test_get_hr_stats" time="0.763" /><testcase classname="backend.tests.test_hestia_modules.TestHRManagement" name="test_create_employee" time="0.265" /><testcase classname="backend.tests.test_hestia_modules.TestHRManagement" name="test_get_employees" time="0.304" /><testcase classname="backend.tests.test_hestia_modules.TestEventsManagement" name="test_get_events_stats" time="0.686" /><testcase classname="backend.tests.test_hestia_modules.TestEventsManagement" name="test_create_event_space" time="0.269" /><testcase classname="backend.tests.test_hestia_modules.TestEventsManagement" name="test_get_event_spaces" time="0.268" /><testcase classname="backend.tests.test_hestia_modules.TestEventsManagement" name="test_create_event" time="0.619" /><testcase classname="backend.tests.test_hestia_modules.TestOTAIntegration" name="test_init_ota_channels" time="0.847" /><testcase classname="backend.tests.test_hestia_modules.TestOTAIntegration" name="test_get_ota_channels" time="0.303" /><testcase classname="backend.tests.test_hestia_modules.TestPublicReservationsWithEmail" name="test_get_available_rooms" time="0.378" /><testcase classname="backend.tests.test_hestia_modules.TestPublicReservationsWithEmail" name="test_create_public_reservation_with_email" time="0.766" /><testcase classname="backend.tests.test_hestia_modules.TestAPIHealth" name="test_api_root" time="0.105" /></testsuite></testsuites>