<?xml version="1.0" encoding="utf-8"?><testsuites name="pytest tests"><testsuite name="pytest" errors="0" failures="0" skipped="0" tests="16" time="6.717" timestamp="2026-02-19T04:43:11.953410+00:00" hostname="agent-env-1e76d097-d242-4c0e-9dba-bba69ace0029"><testcase classname="backend.tests.test_loyalty_reports_mobile.TestAuth" name="test_login_success" time="0.743" /><testcase classname="backend.tests.test_loyalty_reports_mobile.TestLoyaltyProgram" name="test_get_loyalty_config" time="0.720" /><testcase classname="backend.tests.test_loyalty_reports_mobile.TestLoyaltyProgram" name="test_get_loyalty_stats" time="0.259" /><testcase classname="backend.tests.test_loyalty_reports_mobile.TestLoyaltyProgram" name="test_get_loyalty_members" time="0.248" /><testcase classname="backend.tests.test_loyalty_reports_mobile.TestLoyaltyProgram" name="test_add_loyalty_points" time="0.300" /><testcase classname="backend.tests.test_loyalty_reports_mobile.TestAdvancedReports" name="test_get_reports_overview" time="0.721" /><testcase classname="backend.tests.test_loyalty_reports_mobile.TestAdvancedReports" name="test_get_reports_revenue" time="0.249" /><testcase classname="backend.tests.test_loyalty_reports_mobile.TestAdvancedReports" name="test_get_reports_occupancy" time="0.168" /><testcase classname="backend.tests.test_loyalty_reports_mobile.TestAdvancedReports" name="test_get_reports_guests" time="0.193" /><testcase classname="backend.tests.test_loyalty_reports_mobile.TestAdvancedReports" name="test_get_reports_channels" time="0.176" /><testcase classname="backend.tests.test_loyalty_reports_mobile.TestMobileApps" name="test_get_mobile_staff_dashboard" time="0.804" /><testcase classname="backend.tests.test_loyalty_reports_mobile.TestMobileApps" name="test_post_mobile_guest_request" time="0.237" /><testcase classname="backend.tests.test_loyalty_reports_mobile.TestReportsPeriods" name="test_reports_overview_periods[week]" time="0.724" /><testcase classname="backend.tests.test_loyalty_reports_mobile.TestReportsPeriods" name="test_reports_overview_periods[month]" time="0.367" /><testcase classname="backend.tests.test_loyalty_reports_mobile.TestReportsPeriods" name="test_reports_overview_periods[quarter]" time="0.340" /><testcase classname="backend.tests.test_loyalty_reports_mobile.TestReportsPeriods" name="test_reports_overview_periods[year]" time="0.373" /></testsuite></testsuites>