<?xml version="1.0" encoding="utf-8"?><testsuites name="pytest tests"><testsuite name="pytest" errors="0" failures="0" skipped="0" tests="10" time="10.144" timestamp="2026-02-19T15:40:27.822150+00:00" hostname="agent-env-33a3f946-56d3-408f-9950-71e8a084b339"><testcase classname="backend.tests.test_new_endpoints.TestOTAChannelTest" name="test_ota_channels_exist" time="1.034" /><testcase classname="backend.tests.test_new_endpoints.TestOTAChannelTest" name="test_ota_test_connection_booking" time="0.664" /><testcase classname="backend.tests.test_new_endpoints.TestOTAChannelTest" name="test_ota_sync_real" time="0.953" /><testcase classname="backend.tests.test_new_endpoints.TestBillingPlans" name="test_get_billing_plans" time="0.216" /><testcase classname="backend.tests.test_new_endpoints.TestReportsExport" name="test_export_overview_json" time="0.390" /><testcase classname="backend.tests.test_new_endpoints.TestReportsExport" name="test_export_channels_csv" time="0.225" /><testcase classname="backend.tests.test_new_endpoints.TestReportsExport" name="test_export_revenue_json" time="0.196" /><testcase classname="backend.tests.test_new_endpoints.TestReportsExport" name="test_export_occupancy_csv" time="3.856" /><testcase classname="backend.tests.test_new_endpoints.TestLoyaltyDemoData" name="test_populate_loyalty_demo_data" time="0.630" /><testcase classname="backend.tests.test_new_endpoints.TestEndpointsSummary" name="test_all_endpoints_accessible" time="1.916" /></testsuite></testsuites>