<?xml version="1.0" encoding="utf-8"?><testsuites name="pytest tests"><testsuite name="pytest" errors="0" failures="0" skipped="0" tests="10" time="4.961" timestamp="2026-02-21T01:18:14.400529+00:00" hostname="agent-env-33a3f946-56d3-408f-9950-71e8a084b339"><testcase classname="backend.tests.test_websocket_push.TestVapidKey" name="test_vapid_key_returns_public_key" time="0.339" /><testcase classname="backend.tests.test_websocket_push.TestPushSubscribe" name="test_push_subscribe_requires_auth" time="0.154" /><testcase classname="backend.tests.test_websocket_push.TestPushSubscribe" name="test_push_subscribe_with_auth" time="0.890" /><testcase classname="backend.tests.test_websocket_push.TestNotifications" name="test_get_notifications_returns_list" time="0.663" /><testcase classname="backend.tests.test_websocket_push.TestNotifications" name="test_create_notification" time="0.179" /><testcase classname="backend.tests.test_websocket_push.TestNotifications" name="test_mark_notification_as_read" time="0.427" /><testcase classname="backend.tests.test_websocket_push.TestPushSend" name="test_push_send_no_devices" time="0.684" /><testcase classname="backend.tests.test_websocket_push.TestPushSend" name="test_push_send_with_subscriptions" time="0.370" /><testcase classname="backend.tests.test_websocket_push.TestWebSocketEndpoint" name="test_websocket_endpoint_exists" time="0.151" /><testcase classname="backend.tests.test_websocket_push.TestIntegration" name="test_notification_flow" time="1.039" /></testsuite></testsuites>