<?xml version="1.0" encoding="utf-8"?><testsuites name="pytest tests"><testsuite name="pytest" errors="0" failures="2" skipped="0" tests="16" time="7.195" timestamp="2026-02-21T22:29:34.830753+00:00" hostname="agent-env-26a903cf-184d-4407-a48a-cd2285e9f893"><testcase classname="backend.tests.test_guest_portal.TestGuestPortalAccess" name="test_login_with_valid_code" time="0.509" /><testcase classname="backend.tests.test_guest_portal.TestGuestPortalAccess" name="test_login_with_invalid_code" time="0.208" /><testcase classname="backend.tests.test_guest_portal.TestGuestPortalAccess" name="test_login_with_lowercase_code" time="0.398" /><testcase classname="backend.tests.test_guest_portal.TestGuestReservations" name="test_get_guest_reservations" time="1.337" /><testcase classname="backend.tests.test_guest_portal.TestGuestReservations" name="test_get_reservations_invalid_guest" time="0.185" /><testcase classname="backend.tests.test_guest_portal.TestHotelServices" name="test_get_hotel_services" time="0.105" /><testcase classname="backend.tests.test_guest_portal.TestServiceRequest" name="test_create_service_request" time="0.184"><failure message="AssertionError: Expected 200 or 201, got 520&#10;assert 520 in [200, 201]&#10; +  where 520 = &lt;Response [520]&gt;.status_code">backend/tests/test_guest_portal.py:201: in test_create_service_request
    assert response.status_code in [200, 201], f"Expected 200 or 201, got {response.status_code}"
E   AssertionError: Expected 200 or 201, got 520
E   assert 520 in [200, 201]
E    +  where 520 = &lt;Response [520]&gt;.status_code</failure></testcase><testcase classname="backend.tests.test_guest_portal.TestServiceRequest" name="test_create_service_request_high_priority" time="0.201"><failure message="AssertionError: Expected 200 or 201, got 520&#10;assert 520 in [200, 201]&#10; +  where 520 = &lt;Response [520]&gt;.status_code">backend/tests/test_guest_portal.py:227: in test_create_service_request_high_priority
    assert response.status_code in [200, 201], f"Expected 200 or 201, got {response.status_code}"
E   AssertionError: Expected 200 or 201, got 520
E   assert 520 in [200, 201]
E    +  where 520 = &lt;Response [520]&gt;.status_code</failure></testcase><testcase classname="backend.tests.test_guest_portal.TestGuestServiceRequests" name="test_get_guest_requests" time="0.177" /><testcase classname="backend.tests.test_guest_portal.TestGuestLoyalty" name="test_get_loyalty_info" time="0.483" /><testcase classname="backend.tests.test_guest_portal.TestGuestLoyalty" name="test_get_loyalty_invalid_guest" time="0.209" /><testcase classname="backend.tests.test_guest_portal.TestGuestAccount" name="test_get_account_info" time="0.267" /><testcase classname="backend.tests.test_guest_portal.TestGuestAccount" name="test_get_account_invalid_guest" time="0.192" /><testcase classname="backend.tests.test_guest_portal.TestGuestBooking" name="test_create_booking_no_rooms_available" time="0.197" /><testcase classname="backend.tests.test_guest_portal.TestGuestBooking" name="test_booking_endpoint_exists" time="0.229" /><testcase classname="backend.tests.test_guest_portal.TestIntegrationFlow" name="test_full_guest_flow" time="2.228" /></testsuite></testsuites>