<?xml version="1.0" encoding="utf-8"?><testsuites name="pytest tests"><testsuite name="pytest" errors="0" failures="4" skipped="0" tests="16" time="7.688" timestamp="2026-02-21T22:28:49.773244+00:00" hostname="agent-env-26a903cf-184d-4407-a48a-cd2285e9f893"><testcase classname="backend.tests.test_guest_portal.TestGuestPortalAccess" name="test_login_with_valid_code" time="0.774" /><testcase classname="backend.tests.test_guest_portal.TestGuestPortalAccess" name="test_login_with_invalid_code" time="0.195" /><testcase classname="backend.tests.test_guest_portal.TestGuestPortalAccess" name="test_login_with_lowercase_code" time="0.388" /><testcase classname="backend.tests.test_guest_portal.TestGuestReservations" name="test_get_guest_reservations" time="1.289" /><testcase classname="backend.tests.test_guest_portal.TestGuestReservations" name="test_get_reservations_invalid_guest" time="0.177" /><testcase classname="backend.tests.test_guest_portal.TestHotelServices" name="test_get_hotel_services" time="0.102" /><testcase classname="backend.tests.test_guest_portal.TestServiceRequest" name="test_create_service_request" time="0.239"><failure message="AssertionError: Expected 200 or 201, got 520&#10;assert 520 in [200, 201]&#10; +  where 520 = &lt;Response [520]&gt;.status_code">backend/tests/test_guest_portal.py:201: in test_create_service_request
    assert response.status_code in [200, 201], f"Expected 200 or 201, got {response.status_code}"
E   AssertionError: Expected 200 or 201, got 520
E   assert 520 in [200, 201]
E    +  where 520 = &lt;Response [520]&gt;.status_code</failure></testcase><testcase classname="backend.tests.test_guest_portal.TestServiceRequest" name="test_create_service_request_high_priority" time="0.203"><failure message="AssertionError: Expected 200 or 201, got 520&#10;assert 520 in [200, 201]&#10; +  where 520 = &lt;Response [520]&gt;.status_code">backend/tests/test_guest_portal.py:227: in test_create_service_request_high_priority
    assert response.status_code in [200, 201], f"Expected 200 or 201, got {response.status_code}"
E   AssertionError: Expected 200 or 201, got 520
E   assert 520 in [200, 201]
E    +  where 520 = &lt;Response [520]&gt;.status_code</failure></testcase><testcase classname="backend.tests.test_guest_portal.TestGuestServiceRequests" name="test_get_guest_requests" time="0.204" /><testcase classname="backend.tests.test_guest_portal.TestGuestLoyalty" name="test_get_loyalty_info" time="0.502" /><testcase classname="backend.tests.test_guest_portal.TestGuestLoyalty" name="test_get_loyalty_invalid_guest" time="0.184"><failure message="AssertionError: Expected 404, got 520&#10;assert 520 == 404&#10; +  where 520 = &lt;Response [520]&gt;.status_code">backend/tests/test_guest_portal.py:303: in test_get_loyalty_invalid_guest
    assert response.status_code == 404, f"Expected 404, got {response.status_code}"
E   AssertionError: Expected 404, got 520
E   assert 520 == 404
E    +  where 520 = &lt;Response [520]&gt;.status_code</failure></testcase><testcase classname="backend.tests.test_guest_portal.TestGuestAccount" name="test_get_account_info" time="0.303" /><testcase classname="backend.tests.test_guest_portal.TestGuestAccount" name="test_get_account_invalid_guest" time="0.251"><failure message="AssertionError: Expected 404, got 520&#10;assert 520 == 404&#10; +  where 520 = &lt;Response [520]&gt;.status_code">backend/tests/test_guest_portal.py:353: in test_get_account_invalid_guest
    assert response.status_code == 404, f"Expected 404, got {response.status_code}"
E   AssertionError: Expected 404, got 520
E   assert 520 == 404
E    +  where 520 = &lt;Response [520]&gt;.status_code</failure></testcase><testcase classname="backend.tests.test_guest_portal.TestGuestBooking" name="test_create_booking_no_rooms_available" time="0.223" /><testcase classname="backend.tests.test_guest_portal.TestGuestBooking" name="test_booking_endpoint_exists" time="0.246" /><testcase classname="backend.tests.test_guest_portal.TestIntegrationFlow" name="test_full_guest_flow" time="2.287" /></testsuite></testsuites>