<?xml version="1.0" encoding="utf-8"?><testsuites name="pytest tests"><testsuite name="pytest" errors="0" failures="0" skipped="0" tests="17" time="5.633" timestamp="2026-02-21T23:26:02.524658+00:00" hostname="agent-env-26a903cf-184d-4407-a48a-cd2285e9f893"><testcase classname="backend.tests.test_staff_mobile_endpoints.TestAuthEndpoints" name="test_login_success" time="0.526" /><testcase classname="backend.tests.test_staff_mobile_endpoints.TestAuthEndpoints" name="test_login_invalid_credentials" time="0.120" /><testcase classname="backend.tests.test_staff_mobile_endpoints.TestAuthEndpoints" name="test_login_empty_credentials" time="0.057" /><testcase classname="backend.tests.test_staff_mobile_endpoints.TestCheckInOutEndpoints" name="test_get_today_checkins" time="0.135" /><testcase classname="backend.tests.test_staff_mobile_endpoints.TestCheckInOutEndpoints" name="test_get_today_checkouts" time="0.122" /><testcase classname="backend.tests.test_staff_mobile_endpoints.TestCheckInOutEndpoints" name="test_checkins_invalid_hotel_id" time="0.181" /><testcase classname="backend.tests.test_staff_mobile_endpoints.TestRoomsEndpoints" name="test_get_hotel_rooms" time="0.520" /><testcase classname="backend.tests.test_staff_mobile_endpoints.TestRoomsEndpoints" name="test_update_room_status_valid" time="0.781" /><testcase classname="backend.tests.test_staff_mobile_endpoints.TestRoomsEndpoints" name="test_update_room_status_invalid" time="0.625" /><testcase classname="backend.tests.test_staff_mobile_endpoints.TestRoomsEndpoints" name="test_rooms_invalid_hotel_id" time="0.112" /><testcase classname="backend.tests.test_staff_mobile_endpoints.TestHousekeepingEndpoints" name="test_get_housekeeping_tasks" time="0.109" /><testcase classname="backend.tests.test_staff_mobile_endpoints.TestHousekeepingEndpoints" name="test_get_housekeeping_tasks_with_status_filter" time="0.119" /><testcase classname="backend.tests.test_staff_mobile_endpoints.TestHousekeepingEndpoints" name="test_update_housekeeping_task" time="0.278" /><testcase classname="backend.tests.test_staff_mobile_endpoints.TestGuestRequestsEndpoints" name="test_get_guest_requests" time="0.122" /><testcase classname="backend.tests.test_staff_mobile_endpoints.TestGuestRequestsEndpoints" name="test_get_guest_requests_with_status_filter" time="0.126" /><testcase classname="backend.tests.test_staff_mobile_endpoints.TestGuestRequestsEndpoints" name="test_update_guest_request" time="0.253" /><testcase classname="backend.tests.test_staff_mobile_endpoints.TestStaffAppIntegration" name="test_staff_app_flow" time="1.356" /></testsuite></testsuites>